e:\projects\visual studio\libtcod development\epsilon\x64\release\vc142.pdb
e:\projects\visual studio\libtcod development\epsilon\x64\release\window.obj
e:\projects\visual studio\libtcod development\epsilon\x64\release\settings.obj
e:\projects\visual studio\libtcod development\epsilon\x64\release\map.obj
e:\projects\visual studio\libtcod development\epsilon\x64\release\main.obj
e:\projects\visual studio\libtcod development\epsilon\x64\release\gui.obj
e:\projects\visual studio\libtcod development\epsilon\x64\release\entity.obj
e:\projects\visual studio\libtcod development\epsilon\x64\release\engine.obj
e:\projects\visual studio\libtcod development\epsilon\x64\release\tile.obj
e:\projects\visual studio\libtcod development\epsilon\x64\release\input.obj
e:\projects\visual studio\libtcod development\epsilon\x64\release\settings.nativecodeanalysis.sarif
e:\projects\visual studio\libtcod development\epsilon\x64\release\settings.nativecodeanalysis.xml
e:\projects\visual studio\libtcod development\epsilon\x64\release\map.nativecodeanalysis.sarif
e:\projects\visual studio\libtcod development\epsilon\x64\release\map.nativecodeanalysis.xml
e:\projects\visual studio\libtcod development\epsilon\x64\release\entity.nativecodeanalysis.sarif
e:\projects\visual studio\libtcod development\epsilon\x64\release\entity.nativecodeanalysis.xml
e:\projects\visual studio\libtcod development\epsilon\x64\release\window.nativecodeanalysis.sarif
e:\projects\visual studio\libtcod development\epsilon\x64\release\window.nativecodeanalysis.xml
e:\projects\visual studio\libtcod development\epsilon\x64\release\tile.nativecodeanalysis.sarif
e:\projects\visual studio\libtcod development\epsilon\x64\release\tile.nativecodeanalysis.xml
e:\projects\visual studio\libtcod development\epsilon\x64\release\panel.nativecodeanalysis.sarif
e:\projects\visual studio\libtcod development\epsilon\x64\release\panel.nativecodeanalysis.xml
e:\projects\visual studio\libtcod development\epsilon\x64\release\main.nativecodeanalysis.sarif
e:\projects\visual studio\libtcod development\epsilon\x64\release\main.nativecodeanalysis.xml
e:\projects\visual studio\libtcod development\epsilon\x64\release\input.nativecodeanalysis.sarif
e:\projects\visual studio\libtcod development\epsilon\x64\release\input.nativecodeanalysis.xml
e:\projects\visual studio\libtcod development\epsilon\x64\release\gui.nativecodeanalysis.sarif
e:\projects\visual studio\libtcod development\epsilon\x64\release\gui.nativecodeanalysis.xml
e:\projects\visual studio\libtcod development\epsilon\x64\release\engine.nativecodeanalysis.sarif
e:\projects\visual studio\libtcod development\epsilon\x64\release\engine.nativecodeanalysis.xml
e:\projects\visual studio\libtcod development\epsilon\x64\release\panel.obj
e:\projects\visual studio\libtcod development\epsilon\x64\release\utility.nativecodeanalysis.sarif
e:\projects\visual studio\libtcod development\epsilon\x64\release\utility.nativecodeanalysis.xml
e:\projects\visual studio\libtcod development\epsilon\x64\release\utility.obj
e:\projects\visual studio\libtcod development\epsilon\x64\release\tool.nativecodeanalysis.sarif
e:\projects\visual studio\libtcod development\epsilon\x64\release\tool.nativecodeanalysis.xml
e:\projects\visual studio\libtcod development\epsilon\x64\release\tool.obj
e:\projects\visual studio\libtcod development\x64\release\epsilon.ipdb
e:\projects\visual studio\libtcod development\x64\release\epsilon.iobj
e:\projects\visual studio\libtcod development\x64\release\epsilon.exe
e:\projects\visual studio\libtcod development\x64\release\epsilon.pdb
e:\projects\visual studio\libtcod development\epsilon\x64\release\epsilon.res
e:\projects\visual studio\libtcod development\epsilon\x64\release\nativecodeanalysis.read.1.tlog
e:\projects\visual studio\libtcod development\epsilon\x64\release\vc.nativecodeanalysis.all.xml
e:\projects\visual studio\libtcod development\x64\release\epsilon.exe.lastcodeanalysissucceeded
e:\projects\visual studio\libtcod development\epsilon\x64\release\epsilon.tlog\cl.command.1.tlog
e:\projects\visual studio\libtcod development\epsilon\x64\release\epsilon.tlog\cl.read.1.tlog
e:\projects\visual studio\libtcod development\epsilon\x64\release\epsilon.tlog\cl.write.1.tlog
e:\projects\visual studio\libtcod development\epsilon\x64\release\epsilon.tlog\epsilon.write.1u.tlog
e:\projects\visual studio\libtcod development\epsilon\x64\release\epsilon.tlog\link.command.1.tlog
e:\projects\visual studio\libtcod development\epsilon\x64\release\epsilon.tlog\link.delete.1.tlog
e:\projects\visual studio\libtcod development\epsilon\x64\release\epsilon.tlog\link.read.1.tlog
e:\projects\visual studio\libtcod development\epsilon\x64\release\epsilon.tlog\link.write.1.tlog
e:\projects\visual studio\libtcod development\epsilon\x64\release\epsilon.tlog\rc.command.1.tlog
e:\projects\visual studio\libtcod development\epsilon\x64\release\epsilon.tlog\rc.read.1.tlog
e:\projects\visual studio\libtcod development\epsilon\x64\release\epsilon.tlog\rc.write.1.tlog
