  pugixml.cpp
  aicreature.cpp
  engine.cpp
  entity.cpp
  gui.cpp
  input.cpp
  item.cpp
  main.cpp
  map.cpp
  panel.cpp
  settings.cpp
  tile.cpp
  tool.cpp
  utility.cpp
  window.cpp
  Compiling...
  Generating code
  264 of 2107 functions (12.5%) were compiled, the rest were copied from previous compilation.
    61 functions were new in current compilation
    224 functions had inline decision re-evaluated but remain unchanged
  Finished generating code
  Epsilon.vcxproj -> E:\Projects\Visual Studio\Libtcod Development\x64\Release\Epsilon.exe
E:\pugixml-1.10\src\pugixml.cpp(1096): warning C26495: Variable 'pugi::xml_attribute_struct::header' is uninitialized. Always initialize a member variable (type.6).
E:\pugixml-1.10\src\pugixml.cpp(1112): warning C26812: The enum type 'pugi::xml_node_type' is unscoped. Prefer 'enum class' over 'enum' (Enum.3).
E:\pugixml-1.10\src\pugixml.cpp(1112): warning C26495: Variable 'pugi::xml_node_struct::header' is uninitialized. Always initialize a member variable (type.6).
E:\pugixml-1.10\src\pugixml.cpp(1913): warning C26812: The enum type 'pugi::xml_encoding' is unscoped. Prefer 'enum class' over 'enum' (Enum.3).
E:\pugixml-1.10\src\pugixml.cpp(2903): warning C26812: The enum type 'pugi::xml_parse_status' is unscoped. Prefer 'enum class' over 'enum' (Enum.3).
E:\pugixml-1.10\src\pugixml.cpp(3698): warning C26495: Variable 'pugi::impl::`anonymous-namespace'::xml_buffered_writer::scratch' is uninitialized. Always initialize a member variable (type.6).
E:\pugixml-1.10\src\pugixml.cpp(3906): warning C26812: The enum type 'pugi::impl::?A0x186f9f63::chartypex_t' is unscoped. Prefer 'enum class' over 'enum' (Enum.3).
E:\pugixml-1.10\src\pugixml.cpp(4466): warning C28182: Dereferencing NULL pointer. 'dit' contains the same NULL value as 'copy' did. 
E:\pugixml-1.10\src\pugixml.cpp(8241): warning C6054: String 'mantissa_buffer' might not be zero-terminated.
E:\pugixml-1.10\src\pugixml.cpp(8551): warning C26451: Arithmetic overflow: Using operator '-' on a 4 byte value and then casting the result to a 8 byte value. Cast the value to the wider type before calling operator '-' to avoid overflow (io.2).
E:\pugixml-1.10\src\pugixml.cpp(8572): warning C26495: Variable 'pugi::impl::`anonymous-namespace'::xpath_variable_boolean::name' is uninitialized. Always initialize a member variable (type.6).
E:\pugixml-1.10\src\pugixml.cpp(8582): warning C26495: Variable 'pugi::impl::`anonymous-namespace'::xpath_variable_number::name' is uninitialized. Always initialize a member variable (type.6).
E:\pugixml-1.10\src\pugixml.cpp(8592): warning C26495: Variable 'pugi::impl::`anonymous-namespace'::xpath_variable_string::name' is uninitialized. Always initialize a member variable (type.6).
E:\pugixml-1.10\src\pugixml.cpp(8607): warning C26495: Variable 'pugi::impl::`anonymous-namespace'::xpath_variable_node_set::name' is uninitialized. Always initialize a member variable (type.6).
E:\pugixml-1.10\src\pugixml.cpp(8652): warning C26812: The enum type 'pugi::xpath_value_type' is unscoped. Prefer 'enum class' over 'enum' (Enum.3).
E:\pugixml-1.10\src\pugixml.cpp(8756): warning C26812: The enum type 'pugi::xpath_node_set::type_t' is unscoped. Prefer 'enum class' over 'enum' (Enum.3).
E:\pugixml-1.10\src\pugixml.cpp(9255): warning C26812: The enum type 'pugi::impl::?A0x186f9f63::lexeme_t' is unscoped. Prefer 'enum class' over 'enum' (Enum.3).
E:\pugixml-1.10\src\pugixml.cpp(9572): warning C26812: The enum type 'pugi::impl::?A0x186f9f63::nodeset_eval_t' is unscoped. Prefer 'enum class' over 'enum' (Enum.3).
E:\pugixml-1.10\src\pugixml.cpp(10200): warning C26812: The enum type 'pugi::impl::?A0x186f9f63::ast_type_t' is unscoped. Prefer 'enum class' over 'enum' (Enum.3).
E:\pugixml-1.10\src\pugixml.cpp(10221): warning C26495: Variable 'pugi::impl::`anonymous-namespace'::xpath_ast_node::_data' is uninitialized. Always initialize a member variable (type.6).
E:\pugixml-1.10\src\pugixml.cpp(10226): warning C26812: The enum type 'pugi::impl::?A0x186f9f63::axis_t' is unscoped. Prefer 'enum class' over 'enum' (Enum.3).
E:\pugixml-1.10\src\pugixml.cpp(10233): warning C26812: The enum type 'pugi::impl::?A0x186f9f63::predicate_t' is unscoped. Prefer 'enum class' over 'enum' (Enum.3).
E:\pugixml-1.10\src\pugixml.cpp(10233): warning C26495: Variable 'pugi::impl::`anonymous-namespace'::xpath_ast_node::_data' is uninitialized. Always initialize a member variable (type.6).
E:\pugixml-1.10\src\pugixml.cpp(11935): warning C26495: Variable 'pugi::impl::`anonymous-namespace'::xpath_parser::_scratch' is uninitialized. Always initialize a member variable (type.6).
E:\pugixml-1.10\src\pugixml.cpp(12337): warning C26495: Variable 'pugi::xpath_variable_set::_data' is uninitialized. Always initialize a member variable (type.6).
E:\pugixml-1.10\src\pugixml.cpp(12367): warning C26495: Variable 'pugi::xpath_variable_set::_data' is uninitialized. Always initialize a member variable (type.6).
E:\pugixml-1.10\src\pugixml.cpp(4516): warning C26451: Arithmetic overflow: Using operator '-' on a 4 byte value and then casting the result to a 8 byte value. Cast the value to the wider type before calling operator '-' to avoid overflow (io.2).
E:\pugixml-1.10\src\pugixml.cpp(4518): warning C26451: Arithmetic overflow: Using operator '+' on a 4 byte value and then casting the result to a 8 byte value. Cast the value to the wider type before calling operator '+' to avoid overflow (io.2).
E:\pugixml-1.10\src\pugixml.cpp(4518): warning C26451: Arithmetic overflow: Using operator '-' on a 4 byte value and then casting the result to a 8 byte value. Cast the value to the wider type before calling operator '-' to avoid overflow (io.2).
E:\pugixml-1.10\src\pugixml.cpp(4540): warning C26451: Arithmetic overflow: Using operator '-' on a 4 byte value and then casting the result to a 8 byte value. Cast the value to the wider type before calling operator '-' to avoid overflow (io.2).
E:\pugixml-1.10\src\pugixml.cpp(4847): warning C26495: Variable 'pugi::impl::`anonymous-namespace'::xml_stream_chunk<wchar_t>::data' is uninitialized. Always initialize a member variable (type.6).
E:\Libtcod\custom-libtcod-master\src\libtcod\console\console.h(122): warning C26451: Arithmetic overflow: Using operator '*' on a 4 byte value and then casting the result to a 8 byte value. Cast the value to the wider type before calling operator '*' to avoid overflow (io.2).
E:\Libtcod\custom-libtcod-master\src\libtcod\console\console.h(126): warning C26451: Arithmetic overflow: Using operator '*' on a 4 byte value and then casting the result to a 8 byte value. Cast the value to the wider type before calling operator '*' to avoid overflow (io.2).
E:\Libtcod\custom-libtcod-master\src\libtcod\tileset\tileset.h(52): warning C26495: Variable 'tcod::tileset::Tileset::tiles_last_known_capacity' is uninitialized. Always initialize a member variable (type.6).
E:\Libtcod\custom-libtcod-master\src\libtcod\tileset\tileset.h(78): warning C26451: Arithmetic overflow: Using operator '+' on a 4 byte value and then casting the result to a 8 byte value. Cast the value to the wider type before calling operator '+' to avoid overflow (io.2).
E:\Libtcod\custom-libtcod-master\src\libtcod\tileset\observer.h(62): warning C26439: This kind of function may not throw. Declare it 'noexcept' (f.6).
E:\Libtcod\custom-libtcod-master\src\libtcod\tileset\observer.h(65): warning C26439: This kind of function may not throw. Declare it 'noexcept' (f.6).
E:\Libtcod\custom-libtcod-master\src\libtcod\mersenne.hpp(222): warning C26812: The enum type 'TCOD_distribution_t' is unscoped. Prefer 'enum class' over 'enum' (Enum.3).
E:\Libtcod\custom-libtcod-master\src\libtcod\bsp.hpp(77): warning C26495: Variable 'TCODBsp::position' is uninitialized. Always initialize a member variable (type.6).
E:\Libtcod\custom-libtcod-master\src\libtcod\bsp.hpp(78): warning C26495: Variable 'TCODBsp::position' is uninitialized. Always initialize a member variable (type.6).
E:\Projects\Visual Studio\Libtcod Development\Epsilon\utility.h(9): warning C26495: Variable 'Position::y' is uninitialized. Always initialize a member variable (type.6).
E:\Projects\Visual Studio\Libtcod Development\Epsilon\entity.cpp(54): warning C26812: The enum type 'Firearm::FireType' is unscoped. Prefer 'enum class' over 'enum' (Enum.3).
E:\Projects\Visual Studio\Libtcod Development\Epsilon\entity.cpp(144): warning C26451: Arithmetic overflow: Using operator '+' on a 4 byte value and then casting the result to a 8 byte value. Cast the value to the wider type before calling operator '+' to avoid overflow (io.2).
E:\Projects\Visual Studio\Libtcod Development\Epsilon\entity.cpp(153): warning C26451: Arithmetic overflow: Using operator '+' on a 4 byte value and then casting the result to a 8 byte value. Cast the value to the wider type before calling operator '+' to avoid overflow (io.2).
E:\Projects\Visual Studio\Libtcod Development\Epsilon\entity.cpp(157): warning C26451: Arithmetic overflow: Using operator '+' on a 4 byte value and then casting the result to a 8 byte value. Cast the value to the wider type before calling operator '+' to avoid overflow (io.2).
E:\Projects\Visual Studio\Libtcod Development\Epsilon\entity.cpp(166): warning C26451: Arithmetic overflow: Using operator '+' on a 4 byte value and then casting the result to a 8 byte value. Cast the value to the wider type before calling operator '+' to avoid overflow (io.2).
E:\Projects\Visual Studio\Libtcod Development\Epsilon\entity.cpp(251): warning C26451: Arithmetic overflow: Using operator '+' on a 4 byte value and then casting the result to a 8 byte value. Cast the value to the wider type before calling operator '+' to avoid overflow (io.2).
E:\Projects\Visual Studio\Libtcod Development\Epsilon\entity.cpp(264): warning C26451: Arithmetic overflow: Using operator '+' on a 4 byte value and then casting the result to a 8 byte value. Cast the value to the wider type before calling operator '+' to avoid overflow (io.2).
E:\Projects\Visual Studio\Libtcod Development\Epsilon\entity.cpp(280): warning C26812: The enum type 'TCOD_chars_t' is unscoped. Prefer 'enum class' over 'enum' (Enum.3).
E:\Projects\Visual Studio\Libtcod Development\Epsilon\input.cpp(3): warning C26812: The enum type 'sf::Keyboard::Key' is unscoped. Prefer 'enum class' over 'enum' (Enum.3).
E:\Projects\Visual Studio\Libtcod Development\Epsilon\input.cpp(6): warning C26495: Variable 'Key::isSwitched' is uninitialized. Always initialize a member variable (type.6).
E:\Projects\Visual Studio\Libtcod Development\Epsilon\input.cpp(34): warning C26812: The enum type 'sf::Mouse::Button' is unscoped. Prefer 'enum class' over 'enum' (Enum.3).
E:\Projects\Visual Studio\Libtcod Development\Epsilon\input.cpp(38): warning C26495: Variable 'MouseButton::buttonSwitch' is uninitialized. Always initialize a member variable (type.6).
E:\Projects\Visual Studio\Libtcod Development\Epsilon\input.cpp(69): warning C26812: The enum type 'TCOD_event_t' is unscoped. Prefer 'enum class' over 'enum' (Enum.3).
E:\Projects\Visual Studio\Libtcod Development\Epsilon\item.cpp(24): warning C26451: Arithmetic overflow: Using operator '+' on a 4 byte value and then casting the result to a 8 byte value. Cast the value to the wider type before calling operator '+' to avoid overflow (io.2).
E:\Projects\Visual Studio\Libtcod Development\Epsilon\map.cpp(26): warning C26451: Arithmetic overflow: Using operator '*' on a 4 byte value and then casting the result to a 8 byte value. Cast the value to the wider type before calling operator '*' to avoid overflow (io.2).
E:\Projects\Visual Studio\Libtcod Development\Epsilon\map.cpp(35): warning C26451: Arithmetic overflow: Using operator '*' on a 4 byte value and then casting the result to a 8 byte value. Cast the value to the wider type before calling operator '*' to avoid overflow (io.2).
E:\Projects\Visual Studio\Libtcod Development\Epsilon\map.cpp(166): warning C26812: The enum type 'Firearm::FireType' is unscoped. Prefer 'enum class' over 'enum' (Enum.3).
E:\Projects\Visual Studio\Libtcod Development\Epsilon\map.cpp(190): warning C26451: Arithmetic overflow: Using operator '+' on a 4 byte value and then casting the result to a 8 byte value. Cast the value to the wider type before calling operator '+' to avoid overflow (io.2).
E:\Projects\Visual Studio\Libtcod Development\Epsilon\map.cpp(200): warning C26451: Arithmetic overflow: Using operator '+' on a 4 byte value and then casting the result to a 8 byte value. Cast the value to the wider type before calling operator '+' to avoid overflow (io.2).
E:\Projects\Visual Studio\Libtcod Development\Epsilon\map.cpp(205): warning C26451: Arithmetic overflow: Using operator '+' on a 4 byte value and then casting the result to a 8 byte value. Cast the value to the wider type before calling operator '+' to avoid overflow (io.2).
E:\Projects\Visual Studio\Libtcod Development\Epsilon\map.cpp(258): warning C26451: Arithmetic overflow: Using operator '+' on a 4 byte value and then casting the result to a 8 byte value. Cast the value to the wider type before calling operator '+' to avoid overflow (io.2).
E:\Projects\Visual Studio\Libtcod Development\Epsilon\map.cpp(263): warning C26451: Arithmetic overflow: Using operator '+' on a 4 byte value and then casting the result to a 8 byte value. Cast the value to the wider type before calling operator '+' to avoid overflow (io.2).
E:\Projects\Visual Studio\Libtcod Development\Epsilon\map.cpp(265): warning C26451: Arithmetic overflow: Using operator '+' on a 4 byte value and then casting the result to a 8 byte value. Cast the value to the wider type before calling operator '+' to avoid overflow (io.2).
E:\Projects\Visual Studio\Libtcod Development\Epsilon\map.cpp(267): warning C26451: Arithmetic overflow: Using operator '+' on a 4 byte value and then casting the result to a 8 byte value. Cast the value to the wider type before calling operator '+' to avoid overflow (io.2).
E:\Projects\Visual Studio\Libtcod Development\Epsilon\map.cpp(267): warning C26451: Arithmetic overflow: Using operator '+' on a 4 byte value and then casting the result to a 8 byte value. Cast the value to the wider type before calling operator '+' to avoid overflow (io.2).
E:\Projects\Visual Studio\Libtcod Development\Epsilon\map.cpp(273): warning C26451: Arithmetic overflow: Using operator '+' on a 4 byte value and then casting the result to a 8 byte value. Cast the value to the wider type before calling operator '+' to avoid overflow (io.2).
E:\Projects\Visual Studio\Libtcod Development\Epsilon\map.cpp(305): warning C26451: Arithmetic overflow: Using operator '+' on a 4 byte value and then casting the result to a 8 byte value. Cast the value to the wider type before calling operator '+' to avoid overflow (io.2).
E:\Projects\Visual Studio\Libtcod Development\Epsilon\settings.cpp(10): warning C26812: The enum type 'TCOD_fov_algorithm_t' is unscoped. Prefer 'enum class' over 'enum' (Enum.3).
E:\Projects\Visual Studio\Libtcod Development\Epsilon\settings.cpp(10): warning C26812: The enum type 'TCOD_renderer_t' is unscoped. Prefer 'enum class' over 'enum' (Enum.3).
E:\Projects\Visual Studio\Libtcod Development\Epsilon\tool.cpp(210): warning C26812: The enum type 'Firearm::FireType' is unscoped. Prefer 'enum class' over 'enum' (Enum.3).
E:\Projects\Visual Studio\Libtcod Development\Epsilon\tool.cpp(466): warning C26451: Arithmetic overflow: Using operator '*' on a 4 byte value and then casting the result to a 8 byte value. Cast the value to the wider type before calling operator '*' to avoid overflow (io.2).
