  aicreature.cpp
  audio.cpp
  engine.cpp
  entity.cpp
  gui.cpp
  input.cpp
  item.cpp
  main.cpp
  map.cpp
  panel.cpp
  settings.cpp
  tile.cpp
  tool.cpp
  utility.cpp
  window.cpp
  Generating Code...
E:\Projects\Visual Studio\Libtcod Development\Epsilon\tool.cpp(16): warning C4172: returning address of local variable or temporary: nullMag
E:\Projects\Visual Studio\Libtcod Development\Epsilon\item.cpp(144): warning C4172: returning address of local variable or temporary: nullMag
  
  Searching libraries
      Searching E:\SFML\SFML-2.5.1\lib\sfml-window.lib:
  
  Finished searching libraries
  Epsilon.vcxproj -> E:\Projects\Visual Studio\Libtcod Development\x64\Debug\Epsilon.exe
