e:\projects\visual studio\libtcod development\epsilon\x64\debug\vc142.pdb
e:\projects\visual studio\libtcod development\epsilon\x64\debug\vc142.idb
e:\projects\visual studio\libtcod development\epsilon\x64\debug\window.obj
e:\projects\visual studio\libtcod development\epsilon\x64\debug\engine.obj
e:\projects\visual studio\libtcod development\epsilon\x64\debug\settings.obj
e:\projects\visual studio\libtcod development\epsilon\x64\debug\input.obj
e:\projects\visual studio\libtcod development\epsilon\x64\debug\panel.obj
e:\projects\visual studio\libtcod development\epsilon\x64\debug\entity.obj
e:\projects\visual studio\libtcod development\epsilon\x64\debug\tool.obj
e:\projects\visual studio\libtcod development\epsilon\x64\debug\map.obj
e:\projects\visual studio\libtcod development\epsilon\x64\debug\utility.obj
e:\projects\visual studio\libtcod development\epsilon\x64\debug\main.obj
e:\projects\visual studio\libtcod development\epsilon\x64\debug\tile.obj
e:\projects\visual studio\libtcod development\epsilon\x64\debug\gui.obj
e:\projects\visual studio\libtcod development\epsilon\x64\debug\item.obj
e:\projects\visual studio\libtcod development\epsilon\x64\debug\aicreature.obj
e:\projects\visual studio\libtcod development\epsilon\x64\debug\pugixml.obj
e:\projects\visual studio\libtcod development\x64\debug\epsilon.exe
e:\projects\visual studio\libtcod development\x64\debug\epsilon.ilk
e:\projects\visual studio\libtcod development\x64\debug\epsilon.pdb
e:\projects\visual studio\libtcod development\epsilon\x64\debug\epsilon.res
e:\projects\visual studio\libtcod development\epsilon\x64\debug\entity.obj.enc
e:\projects\visual studio\libtcod development\epsilon\x64\debug\input.obj.enc
e:\projects\visual studio\libtcod development\epsilon\x64\debug\map.new.obj.enc
e:\projects\visual studio\libtcod development\epsilon\x64\debug\panel.new.obj.enc
e:\projects\visual studio\libtcod development\epsilon\x64\debug\tool.new.obj.enc
e:\projects\visual studio\libtcod development\epsilon\x64\debug\window.new.obj.enc
e:\projects\visual studio\libtcod development\epsilon\x64\debug\epsilon.tlog\cl.command.1.tlog
e:\projects\visual studio\libtcod development\epsilon\x64\debug\epsilon.tlog\cl.read.1.tlog
e:\projects\visual studio\libtcod development\epsilon\x64\debug\epsilon.tlog\cl.write.1.tlog
e:\projects\visual studio\libtcod development\epsilon\x64\debug\epsilon.tlog\clang-cl.10052.delete.1.tlog
e:\projects\visual studio\libtcod development\epsilon\x64\debug\epsilon.tlog\clang-cl.10052.write.1.tlog
e:\projects\visual studio\libtcod development\epsilon\x64\debug\epsilon.tlog\clang-cl.1080.delete.1.tlog
e:\projects\visual studio\libtcod development\epsilon\x64\debug\epsilon.tlog\clang-cl.12204.delete.1.tlog
e:\projects\visual studio\libtcod development\epsilon\x64\debug\epsilon.tlog\clang-cl.13848.delete.1.tlog
e:\projects\visual studio\libtcod development\epsilon\x64\debug\epsilon.tlog\clang-cl.14864.delete.1.tlog
e:\projects\visual studio\libtcod development\epsilon\x64\debug\epsilon.tlog\clang-cl.1724.delete.1.tlog
e:\projects\visual studio\libtcod development\epsilon\x64\debug\epsilon.tlog\clang-cl.19004.delete.1.tlog
e:\projects\visual studio\libtcod development\epsilon\x64\debug\epsilon.tlog\clang-cl.19900.delete.1.tlog
e:\projects\visual studio\libtcod development\epsilon\x64\debug\epsilon.tlog\clang-cl.21524.delete.1.tlog
e:\projects\visual studio\libtcod development\epsilon\x64\debug\epsilon.tlog\clang-cl.21836.delete.1.tlog
e:\projects\visual studio\libtcod development\epsilon\x64\debug\epsilon.tlog\clang-cl.22500.delete.1.tlog
e:\projects\visual studio\libtcod development\epsilon\x64\debug\epsilon.tlog\clang-cl.22692.delete.1.tlog
e:\projects\visual studio\libtcod development\epsilon\x64\debug\epsilon.tlog\clang-cl.24916.delete.1.tlog
e:\projects\visual studio\libtcod development\epsilon\x64\debug\epsilon.tlog\clang-cl.25852.delete.1.tlog
e:\projects\visual studio\libtcod development\epsilon\x64\debug\epsilon.tlog\clang-cl.28288.delete.1.tlog
e:\projects\visual studio\libtcod development\epsilon\x64\debug\epsilon.tlog\clang-cl.32304.delete.1.tlog
e:\projects\visual studio\libtcod development\epsilon\x64\debug\epsilon.tlog\clang-cl.33032.delete.1.tlog
e:\projects\visual studio\libtcod development\epsilon\x64\debug\epsilon.tlog\clang-cl.38096.delete.1.tlog
e:\projects\visual studio\libtcod development\epsilon\x64\debug\epsilon.tlog\clang-cl.39572.delete.1.tlog
e:\projects\visual studio\libtcod development\epsilon\x64\debug\epsilon.tlog\clang-cl.40212.delete.1.tlog
e:\projects\visual studio\libtcod development\epsilon\x64\debug\epsilon.tlog\clang-cl.40284.delete.1.tlog
e:\projects\visual studio\libtcod development\epsilon\x64\debug\epsilon.tlog\clang-cl.40436.delete.1.tlog
e:\projects\visual studio\libtcod development\epsilon\x64\debug\epsilon.tlog\clang-cl.41128.delete.1.tlog
e:\projects\visual studio\libtcod development\epsilon\x64\debug\epsilon.tlog\clang-cl.41648.delete.1.tlog
e:\projects\visual studio\libtcod development\epsilon\x64\debug\epsilon.tlog\clang-cl.42396.delete.1.tlog
e:\projects\visual studio\libtcod development\epsilon\x64\debug\epsilon.tlog\clang-cl.42804.delete.1.tlog
e:\projects\visual studio\libtcod development\epsilon\x64\debug\epsilon.tlog\clang-cl.42892.delete.1.tlog
e:\projects\visual studio\libtcod development\epsilon\x64\debug\epsilon.tlog\clang-cl.43020.delete.1.tlog
e:\projects\visual studio\libtcod development\epsilon\x64\debug\epsilon.tlog\clang-cl.43716.delete.1.tlog
e:\projects\visual studio\libtcod development\epsilon\x64\debug\epsilon.tlog\clang-cl.44072.delete.1.tlog
e:\projects\visual studio\libtcod development\epsilon\x64\debug\epsilon.tlog\clang-cl.44360.delete.1.tlog
e:\projects\visual studio\libtcod development\epsilon\x64\debug\epsilon.tlog\clang-cl.44372.delete.1.tlog
e:\projects\visual studio\libtcod development\epsilon\x64\debug\epsilon.tlog\clang-cl.44440.delete.1.tlog
e:\projects\visual studio\libtcod development\epsilon\x64\debug\epsilon.tlog\clang-cl.44452.delete.1.tlog
e:\projects\visual studio\libtcod development\epsilon\x64\debug\epsilon.tlog\clang-cl.44668.delete.1.tlog
e:\projects\visual studio\libtcod development\epsilon\x64\debug\epsilon.tlog\clang-cl.44684.delete.1.tlog
e:\projects\visual studio\libtcod development\epsilon\x64\debug\epsilon.tlog\clang-cl.45172.delete.1.tlog
e:\projects\visual studio\libtcod development\epsilon\x64\debug\epsilon.tlog\clang-cl.45452.delete.1.tlog
e:\projects\visual studio\libtcod development\epsilon\x64\debug\epsilon.tlog\clang-cl.45644.delete.1.tlog
e:\projects\visual studio\libtcod development\epsilon\x64\debug\epsilon.tlog\clang-cl.45840.delete.1.tlog
e:\projects\visual studio\libtcod development\epsilon\x64\debug\epsilon.tlog\clang-cl.45880.delete.1.tlog
e:\projects\visual studio\libtcod development\epsilon\x64\debug\epsilon.tlog\clang-cl.45976.delete.1.tlog
e:\projects\visual studio\libtcod development\epsilon\x64\debug\epsilon.tlog\clang-cl.46284.delete.1.tlog
e:\projects\visual studio\libtcod development\epsilon\x64\debug\epsilon.tlog\clang-cl.46292.delete.1.tlog
e:\projects\visual studio\libtcod development\epsilon\x64\debug\epsilon.tlog\clang-cl.46384.delete.1.tlog
e:\projects\visual studio\libtcod development\epsilon\x64\debug\epsilon.tlog\clang-cl.46716.delete.1.tlog
e:\projects\visual studio\libtcod development\epsilon\x64\debug\epsilon.tlog\clang-cl.47028.delete.1.tlog
e:\projects\visual studio\libtcod development\epsilon\x64\debug\epsilon.tlog\clang-cl.47084.delete.1.tlog
e:\projects\visual studio\libtcod development\epsilon\x64\debug\epsilon.tlog\clang-cl.47208.delete.1.tlog
e:\projects\visual studio\libtcod development\epsilon\x64\debug\epsilon.tlog\clang-cl.47644.delete.1.tlog
e:\projects\visual studio\libtcod development\epsilon\x64\debug\epsilon.tlog\clang-cl.48036.delete.1.tlog
e:\projects\visual studio\libtcod development\epsilon\x64\debug\epsilon.tlog\clang-cl.48044.delete.1.tlog
e:\projects\visual studio\libtcod development\epsilon\x64\debug\epsilon.tlog\clang-cl.48276.delete.1.tlog
e:\projects\visual studio\libtcod development\epsilon\x64\debug\epsilon.tlog\clang-cl.48316.delete.1.tlog
e:\projects\visual studio\libtcod development\epsilon\x64\debug\epsilon.tlog\clang-cl.48416.delete.1.tlog
e:\projects\visual studio\libtcod development\epsilon\x64\debug\epsilon.tlog\clang-cl.4856.delete.1.tlog
e:\projects\visual studio\libtcod development\epsilon\x64\debug\epsilon.tlog\clang-cl.48636.delete.1.tlog
e:\projects\visual studio\libtcod development\epsilon\x64\debug\epsilon.tlog\clang-cl.48684.delete.1.tlog
e:\projects\visual studio\libtcod development\epsilon\x64\debug\epsilon.tlog\clang-cl.48852.delete.1.tlog
e:\projects\visual studio\libtcod development\epsilon\x64\debug\epsilon.tlog\clang-cl.48908.delete.1.tlog
e:\projects\visual studio\libtcod development\epsilon\x64\debug\epsilon.tlog\clang-cl.49268.delete.1.tlog
e:\projects\visual studio\libtcod development\epsilon\x64\debug\epsilon.tlog\clang-cl.49444.delete.1.tlog
e:\projects\visual studio\libtcod development\epsilon\x64\debug\epsilon.tlog\clang-cl.49508.delete.1.tlog
e:\projects\visual studio\libtcod development\epsilon\x64\debug\epsilon.tlog\clang-cl.49544.delete.1.tlog
e:\projects\visual studio\libtcod development\epsilon\x64\debug\epsilon.tlog\clang-cl.49648.delete.1.tlog
e:\projects\visual studio\libtcod development\epsilon\x64\debug\epsilon.tlog\clang-cl.49688.delete.1.tlog
e:\projects\visual studio\libtcod development\epsilon\x64\debug\epsilon.tlog\clang-cl.49772.delete.1.tlog
e:\projects\visual studio\libtcod development\epsilon\x64\debug\epsilon.tlog\clang-cl.50216.delete.1.tlog
e:\projects\visual studio\libtcod development\epsilon\x64\debug\epsilon.tlog\clang-cl.50392.delete.1.tlog
e:\projects\visual studio\libtcod development\epsilon\x64\debug\epsilon.tlog\clang-cl.50440.delete.1.tlog
e:\projects\visual studio\libtcod development\epsilon\x64\debug\epsilon.tlog\clang-cl.50476.delete.1.tlog
e:\projects\visual studio\libtcod development\epsilon\x64\debug\epsilon.tlog\clang-cl.50492.delete.1.tlog
e:\projects\visual studio\libtcod development\epsilon\x64\debug\epsilon.tlog\clang-cl.50604.delete.1.tlog
e:\projects\visual studio\libtcod development\epsilon\x64\debug\epsilon.tlog\clang-cl.50728.delete.1.tlog
e:\projects\visual studio\libtcod development\epsilon\x64\debug\epsilon.tlog\clang-cl.50948.delete.1.tlog
e:\projects\visual studio\libtcod development\epsilon\x64\debug\epsilon.tlog\clang-cl.51076.delete.1.tlog
e:\projects\visual studio\libtcod development\epsilon\x64\debug\epsilon.tlog\clang-cl.6104.delete.1.tlog
e:\projects\visual studio\libtcod development\epsilon\x64\debug\epsilon.tlog\clang-cl.command.1.tlog
e:\projects\visual studio\libtcod development\epsilon\x64\debug\epsilon.tlog\clang-cl.read.1.tlog
e:\projects\visual studio\libtcod development\epsilon\x64\debug\epsilon.tlog\link.command.1.tlog
e:\projects\visual studio\libtcod development\epsilon\x64\debug\epsilon.tlog\link.delete.1.tlog
e:\projects\visual studio\libtcod development\epsilon\x64\debug\epsilon.tlog\link.read.1.tlog
e:\projects\visual studio\libtcod development\epsilon\x64\debug\epsilon.tlog\link.write.1.tlog
e:\projects\visual studio\libtcod development\epsilon\x64\debug\epsilon.tlog\lld-link.command.1.tlog
e:\projects\visual studio\libtcod development\epsilon\x64\debug\epsilon.tlog\lld-link.delete.1.tlog
e:\projects\visual studio\libtcod development\epsilon\x64\debug\epsilon.tlog\lld-link.read.1.tlog
e:\projects\visual studio\libtcod development\epsilon\x64\debug\epsilon.tlog\lld-link.write.1.tlog
e:\projects\visual studio\libtcod development\epsilon\x64\debug\epsilon.tlog\rc.command.1.tlog
e:\projects\visual studio\libtcod development\epsilon\x64\debug\epsilon.tlog\rc.read.1.tlog
e:\projects\visual studio\libtcod development\epsilon\x64\debug\epsilon.tlog\rc.write.1.tlog
